Added Component: Designator=R16(RES0603ROW)
Add component. Clean all parameters for all variants
Added Component: Designator=S1(SW_PB4_A2_4.5*4.5)
Add component. Clean all parameters for all variants
Add component (AddParameter): Name = "LatestRevisionDate"; Value = "17-Jul-2002"; VariantName = "[No Variations]"
Add component (AddParameter): Name = "LatestRevisionNote"; Value = "Re-released for DXP Platform."; VariantName = "[No Variations]"
Add component (AddParameter): Name = "PackageReference"; Value = "SPST-2"; VariantName = "[No Variations]"
Add component (AddParameter): Name = "Published"; Value = "24-Mar-1999"; VariantName = "[No Variations]"
Add component (AddParameter): Name = "Publisher"; Value = "Altium Limited"; VariantName = "[No Variations]"
Added Component: Designator=S2(SW_PB4_A2_4.5*4.5)
Add component. Clean all parameters for all variants
Add component (AddParameter): Name = "LatestRevisionDate"; Value = "17-Jul-2002"; VariantName = "[No Variations]"
Add component (AddParameter): Name = "LatestRevisionNote"; Value = "Re-released for DXP Platform."; VariantName = "[No Variations]"
Add component (AddParameter): Name = "PackageReference"; Value = "SPST-2"; VariantName = "[No Variations]"
Add component (AddParameter): Name = "Published"; Value = "24-Mar-1999"; VariantName = "[No Variations]"
Add component (AddParameter): Name = "Publisher"; Value = "Altium Limited"; VariantName = "[No Variations]"
Added Component: Designator=S3(SW_PB4_A2_4.5*4.5)
Add component. Clean all parameters for all variants
Add component (AddParameter): Name = "LatestRevisionDate"; Value = "17-Jul-2002"; VariantName = "[No Variations]"
Add component (AddParameter): Name = "LatestRevisionNote"; Value = "Re-released for DXP Platform."; VariantName = "[No Variations]"
Add component (AddParameter): Name = "PackageReference"; Value = "SPST-2"; VariantName = "[No Variations]"
Add component (AddParameter): Name = "Published"; Value = "24-Mar-1999"; VariantName = "[No Variations]"
Add component (AddParameter): Name = "Publisher"; Value = "Altium Limited"; VariantName = "[No Variations]"
Added Component: Designator=S4(SW_PB4_A2_4.5*4.5)
Add component. Clean all parameters for all variants
Add component (AddParameter): Name = "LatestRevisionDate"; Value = "17-Jul-2002"; VariantName = "[No Variations]"
Add component (AddParameter): Name = "LatestRevisionNote"; Value = "Re-released for DXP Platform."; VariantName = "[No Variations]"
Add component (AddParameter): Name = "PackageReference"; Value = "SPST-2"; VariantName = "[No Variations]"
Add component (AddParameter): Name = "Published"; Value = "24-Mar-1999"; VariantName = "[No Variations]"
Add component (AddParameter): Name = "Publisher"; Value = "Altium Limited"; VariantName = "[No Variations]"
Added Pin To Net: NetName=VCC Pin=R16-5
Added Pin To Net: NetName=VCC Pin=R16-6
Added Pin To Net: NetName=VCC Pin=R16-7
Added Pin To Net: NetName=VCC Pin=R16-8
Added Pin To Net: NetName=GND Pin=S1-2
Added Pin To Net: NetName=GND Pin=S1-3
Added Pin To Net: NetName=GND Pin=S2-2
Added Pin To Net: NetName=GND Pin=S2-3
Added Pin To Net: NetName=GND Pin=S3-2
Added Pin To Net: NetName=GND Pin=S3-3
Added Pin To Net: NetName=GND Pin=S4-2
Added Pin To Net: NetName=GND Pin=S4-3
Added Pin To Net: NetName=NetR16_1 Pin=R16-1
Added Pin To Net: NetName=NetR16_1 Pin=S1-1
Added Pin To Net: NetName=NetR16_1 Pin=S1-4
Added Pin To Net: NetName=NetR16_1 Pin=U5-19
Added Net: Name=NetR16_1
Added Pin To Net: NetName=NetR16_2 Pin=R16-2
Added Pin To Net: NetName=NetR16_2 Pin=S2-1
Added Pin To Net: NetName=NetR16_2 Pin=S2-4
Added Pin To Net: NetName=NetR16_2 Pin=U5-20
Added Net: Name=NetR16_2
Added Pin To Net: NetName=NetR16_3 Pin=R16-3
Added Pin To Net: NetName=NetR16_3 Pin=S3-1
Added Pin To Net: NetName=NetR16_3 Pin=S3-4
Added Pin To Net: NetName=NetR16_3 Pin=U5-21
Added Net: Name=NetR16_3
Added Pin To Net: NetName=NetR16_4 Pin=R16-4
Added Pin To Net: NetName=NetR16_4 Pin=S4-1
Added Pin To Net: NetName=NetR16_4 Pin=S4-4
Added Pin To Net: NetName=NetR16_4 Pin=U5-22
Added Net: Name=NetR16_4
Added Member To Class: ClassName=main Member=Component R16 10K
Added Member To Class: ClassName=main Member=Component S1 SW-PB4
Added Member To Class: ClassName=main Member=Component S2 SW-PB4
Added Member To Class: ClassName=main Member=Component S3 SW-PB4
Added Member To Class: ClassName=main Member=Component S4 SW-PB4
